<?xml version="1.0" encoding="UTF-8"?>
<!-- Generated by org.testng.reporters.JUnitReportReporter -->
<testsuite hostname="Mukesh" failures="0" tests="1" name="testCases.Tc001_AccountRegistrationTest" time="3.218" errors="0" timestamp="2025-07-08T23:23:43 IST" skipped="0">
  <testcase classname="testCases.Tc001_AccountRegistrationTest" name="verify_account_registration" time="3.218"/>
</testsuite> <!-- testCases.Tc001_AccountRegistrationTest -->
