<?xml version="1.0" encoding="UTF-8"?>
<!-- Generated by org.testng.reporters.JUnitReportReporter -->
<testsuite hostname="Mukesh" failures="0" tests="1" name="testCases.Tc002_LoginTest" time="1.450" errors="0" timestamp="2025-07-13T19:53:14 IST" skipped="0">
  <testcase classname="testCases.Tc002_LoginTest" name="verify_login" time="1.450"/>
</testsuite> <!-- testCases.Tc002_LoginTest -->
